Script running at- 2019-02-03 01:17:09.114753
Hostel noticeboard urls
updating Hostel images
Downloading Hostel images
InstiApp urls
updating InstiApp images
Downloading InstiApp images
Success!
Script running at- 2019-02-03 01:18:10.633493
Hostel noticeboard urls
updating Hostel images
Downloading Hostel images
InstiApp urls
updating InstiApp images
Downloading InstiApp images
Success!
Script running at- 2019-02-03 06:00:10.780363
Hostel noticeboard urls
updating Hostel images
Downloading Hostel images
InstiApp urls
updating InstiApp images
Downloading InstiApp images
Success!
Script running at- 2019-02-03 12:00:08.232682
Hostel noticeboard urls
updating Hostel images
Downloading Hostel images
InstiApp urls
updating InstiApp images
Downloading InstiApp images
Success!
Script running at- 2019-02-03 18:00:23.175413
Hostel noticeboard urls
updating Hostel images
Downloading Hostel images
InstiApp urls
updating InstiApp images
Downloading InstiApp images
Success!
Script running at- 2019-02-04 00:00:08.417497
Hostel noticeboard urls
updating Hostel images
Downloading Hostel images
InstiApp urls
updating InstiApp images
Downloading InstiApp images
Success!
Script running at- 2019-02-04 06:00:06.157490
Hostel noticeboard urls
updating Hostel images
Downloading Hostel images
InstiApp urls
updating InstiApp images
Downloading InstiApp images
Success!
Script running at- 2019-02-04 12:00:05.708963
Hostel noticeboard urls
updating Hostel images
Downloading Hostel images
InstiApp urls
updating InstiApp images
Downloading InstiApp images
Success!
Script running at- 2019-02-04 18:00:05.342713
Hostel noticeboard urls
updating Hostel images
Downloading Hostel images
InstiApp urls
updating InstiApp images
Downloading InstiApp images
Success!
Script running at- 2019-02-05 00:00:09.770581
Hostel noticeboard urls
updating Hostel images
Downloading Hostel images
InstiApp urls
updating InstiApp images
Downloading InstiApp images
Success!
Script running at- 2019-02-05 06:00:27.705491
Hostel noticeboard urls
updating Hostel images
Downloading Hostel images
InstiApp urls
updating InstiApp images
Downloading InstiApp images
Success!
Script running at- 2019-02-05 12:00:06.356369
Hostel noticeboard urls
updating Hostel images
Downloading Hostel images
InstiApp urls
updating InstiApp images
Downloading InstiApp images
Success!
Script running at- 2019-02-05 18:00:35.537333
Hostel noticeboard urls
updating Hostel images
Downloading Hostel images
InstiApp urls
updating InstiApp images
Downloading InstiApp images
Success!
Script running at- 2019-02-06 00:00:05.104644
Hostel noticeboard urls
updating Hostel images
Downloading Hostel images
InstiApp urls
updating InstiApp images
Downloading InstiApp images
Success!
Script running at- 2019-02-06 06:00:05.688398
Hostel noticeboard urls
updating Hostel images
Downloading Hostel images
InstiApp urls
updating InstiApp images
Downloading InstiApp images
Success!
Script running at- 2019-02-06 12:00:04.621286
Hostel noticeboard urls
updating Hostel images
Downloading Hostel images
InstiApp urls
updating InstiApp images
Downloading InstiApp images
Success!
Script running at- 2019-02-06 18:00:05.709325
Hostel noticeboard urls
updating Hostel images
Downloading Hostel images
InstiApp urls
updating InstiApp images
Downloading InstiApp images
Success!
Script running at- 2019-02-07 00:00:05.810060
Hostel noticeboard urls
updating Hostel images
Downloading Hostel images
InstiApp urls
updating InstiApp images
Downloading InstiApp images
Success!
Script running at- 2019-02-07 06:00:21.109006
Hostel noticeboard urls
updating Hostel images
Downloading Hostel images
InstiApp urls
updating InstiApp images
Downloading InstiApp images
Success!
Script running at- 2019-02-07 12:00:04.966587
Hostel noticeboard urls
updating Hostel images
Downloading Hostel images
InstiApp urls
updating InstiApp images
Downloading InstiApp images
error!
error!
error!
Success!
Script running at- 2019-02-07 18:00:11.999490
Hostel noticeboard urls
updating Hostel images
Downloading Hostel images
InstiApp urls
updating InstiApp images
Downloading InstiApp images
error!
error!
error!
Success!
Script running at- 2019-02-08 00:00:11.284788
Hostel noticeboard urls
updating Hostel images
Downloading Hostel images
InstiApp urls
updating InstiApp images
Downloading InstiApp images
error!
error!
error!
Success!
Script running at- 2019-02-08 06:00:10.239523
Hostel noticeboard urls
updating Hostel images
Downloading Hostel images
InstiApp urls
updating InstiApp images
Downloading InstiApp images
error!
error!
error!
Success!
Script running at- 2019-02-08 12:00:07.467737
Hostel noticeboard urls
updating Hostel images
Downloading Hostel images
InstiApp urls
updating InstiApp images
Downloading InstiApp images
error!
error!
Success!
Script running at- 2019-02-08 18:00:10.984427
Hostel noticeboard urls
updating Hostel images
Downloading Hostel images
InstiApp urls
updating InstiApp images
Downloading InstiApp images
error!
error!
error!
Success!
Script running at- 2019-02-09 00:00:07.892439
Hostel noticeboard urls
updating Hostel images
Downloading Hostel images
InstiApp urls
updating InstiApp images
Downloading InstiApp images
error!
error!
error!
error!
error!
Success!
Script running at- 2019-02-09 06:00:07.537114
Hostel noticeboard urls
updating Hostel images
Downloading Hostel images
InstiApp urls
updating InstiApp images
Downloading InstiApp images
error!
error!
error!
error!
error!
Success!
Script running at- 2019-02-09 18:00:08.728343
Hostel noticeboard urls
updating Hostel images
Downloading Hostel images
InstiApp urls
updating InstiApp images
Downloading InstiApp images
error!
error!
error!
Success!
Script running at- 2019-02-10 06:00:20.822934
Hostel noticeboard urls
updating Hostel images
Downloading Hostel images
InstiApp urls
updating InstiApp images
Downloading InstiApp images
error!
error!
error!
Success!
Script running at- 2019-02-10 12:00:07.015494
Hostel noticeboard urls
updating Hostel images
Downloading Hostel images
InstiApp urls
updating InstiApp images
Downloading InstiApp images
error!
error!
error!
Success!
Script running at- 2019-02-10 18:00:16.465991
Hostel noticeboard urls
updating Hostel images
Downloading Hostel images
InstiApp urls
updating InstiApp images
Downloading InstiApp images
error!
error!
error!
Success!
Script running at- 2019-02-11 00:00:37.018590
Hostel noticeboard urls
updating Hostel images
Downloading Hostel images
InstiApp urls
updating InstiApp images
Downloading InstiApp images
error!
error!
error!
Success!
Script running at- 2019-02-11 06:00:20.153983
Hostel noticeboard urls
updating Hostel images
Downloading Hostel images
InstiApp urls
updating InstiApp images
Downloading InstiApp images
error!
error!
error!
error!
Success!
Script running at- 2019-02-11 12:00:07.035468
Hostel noticeboard urls
updating Hostel images
Downloading Hostel images
InstiApp urls
updating InstiApp images
Downloading InstiApp images
error!
error!
error!
Success!
Script running at- 2019-02-11 18:00:06.601315
Hostel noticeboard urls
updating Hostel images
Downloading Hostel images
InstiApp urls
updating InstiApp images
Downloading InstiApp images
error!
error!
Success!
Script running at- 2019-02-12 00:00:11.115647
Hostel noticeboard urls
updating Hostel images
Downloading Hostel images
InstiApp urls
updating InstiApp images
Downloading InstiApp images
error!
error!
Success!
Script running at- 2019-02-12 12:00:15.151505
Hostel noticeboard urls
updating Hostel images
Downloading Hostel images
InstiApp urls
updating InstiApp images
Downloading InstiApp images
error!
error!
Success!
Script running at- 2019-02-12 18:00:06.563131
Hostel noticeboard urls
updating Hostel images
Downloading Hostel images
InstiApp urls
updating InstiApp images
Downloading InstiApp images
error!
error!
Success!
Script running at- 2019-02-13 00:00:09.559491
Hostel noticeboard urls
updating Hostel images
Downloading Hostel images
InstiApp urls
updating InstiApp images
Downloading InstiApp images
error!
error!
Success!
Script running at- 2019-02-13 06:00:27.600970
Hostel noticeboard urls
updating Hostel images
Downloading Hostel images
InstiApp urls
updating InstiApp images
Downloading InstiApp images
error!
error!
Success!
Script running at- 2019-02-13 12:00:10.290494
Hostel noticeboard urls
updating Hostel images
Downloading Hostel images
InstiApp urls
updating InstiApp images
Downloading InstiApp images
error!
error!
Success!
Script running at- 2019-02-13 18:00:06.711754
Hostel noticeboard urls
updating Hostel images
Downloading Hostel images
InstiApp urls
updating InstiApp images
Downloading InstiApp images
error!
error!
Success!
Script running at- 2019-02-14 00:00:08.948053
Hostel noticeboard urls
updating Hostel images
Downloading Hostel images
InstiApp urls
updating InstiApp images
Downloading InstiApp images
error!
error!
Success!
Script running at- 2019-02-14 06:00:05.716652
Hostel noticeboard urls
updating Hostel images
Downloading Hostel images
InstiApp urls
updating InstiApp images
Downloading InstiApp images
error!
Success!
Script running at- 2019-02-14 12:00:05.363997
Hostel noticeboard urls
updating Hostel images
Downloading Hostel images
InstiApp urls
updating InstiApp images
Downloading InstiApp images
error!
Success!
Script running at- 2019-02-14 18:00:22.483479
Hostel noticeboard urls
updating Hostel images
Downloading Hostel images
InstiApp urls
updating InstiApp images
Downloading InstiApp images
error!
Success!
Script running at- 2019-02-15 00:00:17.698259
Hostel noticeboard urls
updating Hostel images
Downloading Hostel images
InstiApp urls
updating InstiApp images
Downloading InstiApp images
error!
Success!
Script running at- 2019-02-15 06:00:08.029479
Hostel noticeboard urls
updating Hostel images
Downloading Hostel images
InstiApp urls
updating InstiApp images
Downloading InstiApp images
error!
Success!
Script running at- 2019-02-15 12:00:17.525278
Hostel noticeboard urls
updating Hostel images
Downloading Hostel images
InstiApp urls
updating InstiApp images
Downloading InstiApp images
error!
Success!
Script running at- 2019-02-15 18:01:08.198569
Hostel noticeboard urls
updating Hostel images
Downloading Hostel images
InstiApp urls
updating InstiApp images
Downloading InstiApp images
error!
Success!
Script running at- 2019-02-16 00:00:05.242432
Hostel noticeboard urls
updating Hostel images
Downloading Hostel images
InstiApp urls
updating InstiApp images
Downloading InstiApp images
Success!
Script running at- 2019-02-16 06:00:09.563275
Hostel noticeboard urls
updating Hostel images
Downloading Hostel images
InstiApp urls
updating InstiApp images
Downloading InstiApp images
Success!
Script running at- 2019-02-16 12:00:07.418829
Hostel noticeboard urls
updating Hostel images
Downloading Hostel images
InstiApp urls
updating InstiApp images
Downloading InstiApp images
Success!
Script running at- 2019-02-16 18:00:05.705305
Hostel noticeboard urls
updating Hostel images
Downloading Hostel images
InstiApp urls
updating InstiApp images
Downloading InstiApp images
Success!
Script running at- 2019-02-17 00:00:08.680270
Hostel noticeboard urls
updating Hostel images
Downloading Hostel images
InstiApp urls
updating InstiApp images
Downloading InstiApp images
Success!
Script running at- 2019-02-17 06:00:04.871463
Hostel noticeboard urls
updating Hostel images
Downloading Hostel images
InstiApp urls
updating InstiApp images
Downloading InstiApp images
Success!
Script running at- 2019-02-17 12:00:10.302173
Hostel noticeboard urls
updating Hostel images
Downloading Hostel images
InstiApp urls
updating InstiApp images
Downloading InstiApp images
Success!
Script running at- 2019-02-17 18:00:04.928752
Hostel noticeboard urls
updating Hostel images
Downloading Hostel images
InstiApp urls
updating InstiApp images
Downloading InstiApp images
Success!
Script running at- 2019-02-18 00:00:24.629075
Hostel noticeboard urls
updating Hostel images
Downloading Hostel images
InstiApp urls
updating InstiApp images
Downloading InstiApp images
Success!
Script running at- 2019-02-18 06:00:50.824661
Hostel noticeboard urls
updating Hostel images
Downloading Hostel images
InstiApp urls
updating InstiApp images
Downloading InstiApp images
Success!
Script running at- 2019-02-18 12:00:18.932829
Hostel noticeboard urls
updating Hostel images
Downloading Hostel images
InstiApp urls
updating InstiApp images
Downloading InstiApp images
Success!
Script running at- 2019-02-18 18:00:32.827061
Hostel noticeboard urls
updating Hostel images
Downloading Hostel images
InstiApp urls
updating InstiApp images
Downloading InstiApp images
Success!
Script running at- 2019-02-19 00:00:16.238713
Hostel noticeboard urls
updating Hostel images
Downloading Hostel images
InstiApp urls
updating InstiApp images
Downloading InstiApp images
Success!
Script running at- 2019-02-19 12:00:07.486208
Hostel noticeboard urls
updating Hostel images
Downloading Hostel images
InstiApp urls
updating InstiApp images
Downloading InstiApp images
Success!
Script running at- 2019-02-19 18:00:11.474844
Hostel noticeboard urls
updating Hostel images
Downloading Hostel images
InstiApp urls
updating InstiApp images
Downloading InstiApp images
Success!
Script running at- 2019-02-20 00:00:07.589309
Hostel noticeboard urls
updating Hostel images
Downloading Hostel images
InstiApp urls
updating InstiApp images
Downloading InstiApp images
Success!
Traceback (most recent call last):
  File "/usr/lib/python3.5/urllib/request.py", line 1254, in do_open
    h.request(req.get_method(), req.selector, req.data, headers)
  File "/usr/lib/python3.5/http/client.py", line 1107, in request
    self._send_request(method, url, body, headers)
  File "/usr/lib/python3.5/http/client.py", line 1152, in _send_request
    self.endheaders(body)
  File "/usr/lib/python3.5/http/client.py", line 1103, in endheaders
    self._send_output(message_body)
  File "/usr/lib/python3.5/http/client.py", line 934, in _send_output
    self.send(msg)
  File "/usr/lib/python3.5/http/client.py", line 877, in send
    self.connect()
  File "/usr/lib/python3.5/http/client.py", line 1253, in connect
    super().connect()
  File "/usr/lib/python3.5/http/client.py", line 849, in connect
    (self.host,self.port), self.timeout, self.source_address)
  File "/usr/lib/python3.5/socket.py", line 694, in create_connection
    for res in getaddrinfo(host, port, 0, SOCK_STREAM):
  File "/usr/lib/python3.5/socket.py", line 733, in getaddrinfo
    for res in _socket.getaddrinfo(host, port, family, type, proto, flags):
socket.gaierror: [Errno -3] Temporary failure in name resolution

During handling of the above exception, another exception occurred:

Traceback (most recent call last):
  File "fetch.py", line 178, in <module>
    data = fetch_data()
  File "fetch.py", line 36, in fetch_data
    response = urlopen(url, context=ctx)
  File "/usr/lib/python3.5/urllib/request.py", line 163, in urlopen
    return opener.open(url, data, timeout)
  File "/usr/lib/python3.5/urllib/request.py", line 472, in open
    response = meth(req, response)
  File "/usr/lib/python3.5/urllib/request.py", line 582, in http_response
    'http', request, response, code, msg, hdrs)
  File "/usr/lib/python3.5/urllib/request.py", line 504, in error
    result = self._call_chain(*args)
  File "/usr/lib/python3.5/urllib/request.py", line 444, in _call_chain
    result = func(*args)
  File "/usr/lib/python3.5/urllib/request.py", line 696, in http_error_302
    return self.parent.open(new, timeout=req.timeout)
  File "/usr/lib/python3.5/urllib/request.py", line 466, in open
    response = self._open(req, data)
  File "/usr/lib/python3.5/urllib/request.py", line 484, in _open
    '_open', req)
  File "/usr/lib/python3.5/urllib/request.py", line 444, in _call_chain
    result = func(*args)
  File "/usr/lib/python3.5/urllib/request.py", line 1297, in https_open
    context=self._context, check_hostname=self._check_hostname)
  File "/usr/lib/python3.5/urllib/request.py", line 1256, in do_open
    raise URLError(err)
urllib.error.URLError: <urlopen error [Errno -3] Temporary failure in name resolution>
Script running at- 2019-02-20 12:00:03.542660
Hostel noticeboard urls
updating Hostel images
Downloading Hostel images
InstiApp urls
updating InstiApp images
Downloading InstiApp images
Success!
Script running at- 2019-02-20 18:00:11.021348
Hostel noticeboard urls
updating Hostel images
Downloading Hostel images
InstiApp urls
updating InstiApp images
Downloading InstiApp images
Success!
Script running at- 2019-02-21 00:00:20.834836
Hostel noticeboard urls
updating Hostel images
Downloading Hostel images
InstiApp urls
updating InstiApp images
Downloading InstiApp images
Success!
Script running at- 2019-02-21 12:00:04.283827
Hostel noticeboard urls
updating Hostel images
Downloading Hostel images
InstiApp urls
updating InstiApp images
Downloading InstiApp images
error!
Success!
Script running at- 2019-02-21 18:00:05.743094
Hostel noticeboard urls
updating Hostel images
Downloading Hostel images
InstiApp urls
updating InstiApp images
Downloading InstiApp images
Success!
Script running at- 2019-02-22 00:00:06.315901
Hostel noticeboard urls
updating Hostel images
Downloading Hostel images
InstiApp urls
updating InstiApp images
Downloading InstiApp images
Success!
Script running at- 2019-02-22 06:00:06.909945
Hostel noticeboard urls
updating Hostel images
Downloading Hostel images
InstiApp urls
updating InstiApp images
Downloading InstiApp images
Success!
Script running at- 2019-02-22 12:00:59.007713
Hostel noticeboard urls
updating Hostel images
Downloading Hostel images
InstiApp urls
updating InstiApp images
Downloading InstiApp images
error!
error!
Success!
Script running at- 2019-02-23 00:00:07.348358
Hostel noticeboard urls
updating Hostel images
Downloading Hostel images
InstiApp urls
updating InstiApp images
Downloading InstiApp images
error!
error!
Success!
Script running at- 2019-02-23 06:00:06.570825
Hostel noticeboard urls
updating Hostel images
Downloading Hostel images
InstiApp urls
updating InstiApp images
Downloading InstiApp images
error!
error!
Success!
Script running at- 2019-02-23 12:00:17.625219
Hostel noticeboard urls
updating Hostel images
Downloading Hostel images
InstiApp urls
updating InstiApp images
Downloading InstiApp images
error!
error!
error!
error!
Success!
Script running at- 2019-02-23 18:00:06.024361
Hostel noticeboard urls
updating Hostel images
Downloading Hostel images
InstiApp urls
updating InstiApp images
Downloading InstiApp images
error!
error!
error!
error!
Success!
Script running at- 2019-02-24 00:00:54.771490
Hostel noticeboard urls
updating Hostel images
Downloading Hostel images
InstiApp urls
updating InstiApp images
Downloading InstiApp images
error!
error!
error!
Success!
Script running at- 2019-02-24 06:00:05.892000
Hostel noticeboard urls
updating Hostel images
Downloading Hostel images
InstiApp urls
updating InstiApp images
Downloading InstiApp images
error!
error!
error!
Success!
Script running at- 2019-02-24 12:00:07.583868
Hostel noticeboard urls
updating Hostel images
Downloading Hostel images
InstiApp urls
updating InstiApp images
Downloading InstiApp images
error!
error!
error!
Success!
Script running at- 2019-02-24 18:00:05.238310
Hostel noticeboard urls
updating Hostel images
Downloading Hostel images
InstiApp urls
updating InstiApp images
Downloading InstiApp images
Image Downloaded
error!
error!
error!
Success!
Script running at- 2019-02-25 00:00:07.116310
Hostel noticeboard urls
updating Hostel images
Downloading Hostel images
InstiApp urls
updating InstiApp images
Downloading InstiApp images
Image Downloaded
error!
error!
error!
Image Downloaded
Success!
Script running at- 2019-02-25 06:00:06.203187
Hostel noticeboard urls
updating Hostel images
Downloading Hostel images
InstiApp urls
updating InstiApp images
Downloading InstiApp images
error!
Image Downloaded
Image Downloaded
Image Downloaded
Image Downloaded
Image Downloaded
error!
Image Downloaded
Image Downloaded
Image Downloaded
Image Downloaded
Image Downloaded
Image Downloaded
error!
Success!
Script running at- 2019-02-25 12:00:05.116024
Hostel noticeboard urls
updating Hostel images
Downloading Hostel images
InstiApp urls
updating InstiApp images
Downloading InstiApp images
error!
Image Downloaded
error!
Image Downloaded
error!
error!
error!
Success!
Script running at- 2019-02-25 18:00:05.630324
Hostel noticeboard urls
updating Hostel images
Downloading Hostel images
InstiApp urls
updating InstiApp images
Downloading InstiApp images
error!
Image Downloaded
error!
error!
error!
error!
Success!
Script running at- 2019-02-26 00:00:09.764734
Hostel noticeboard urls
updating Hostel images
Downloading Hostel images
InstiApp urls
updating InstiApp images
Downloading InstiApp images
Image Downloaded
error!
error!
error!
error!
error!
Success!
Script running at- 2019-02-26 06:00:05.445106
Hostel noticeboard urls
updating Hostel images
Downloading Hostel images
InstiApp urls
updating InstiApp images
Downloading InstiApp images
Image Downloaded
error!
Image Downloaded
error!
Image Downloaded
Image Downloaded
error!
error!
error!
Success!
Script running at- 2019-02-26 12:00:06.784046
Hostel noticeboard urls
updating Hostel images
Downloading Hostel images
InstiApp urls
updating InstiApp images
Downloading InstiApp images
error!
Image Downloaded
error!
Image Downloaded
error!
error!
error!
Image Downloaded
Success!
Script running at- 2019-02-26 18:00:06.903461
Hostel noticeboard urls
updating Hostel images
Downloading Hostel images
InstiApp urls
updating InstiApp images
Downloading InstiApp images
Image Downloaded
error!
error!
error!
error!
error!
Success!
Script running at- 2019-02-27 00:00:05.567621
Hostel noticeboard urls
updating Hostel images
Downloading Hostel images
InstiApp urls
updating InstiApp images
Downloading InstiApp images
error!
error!
error!
error!
error!
Success!
Script running at- 2019-02-27 06:00:06.459454
Hostel noticeboard urls
updating Hostel images
Downloading Hostel images
InstiApp urls
updating InstiApp images
Downloading InstiApp images
error!
Image Downloaded
Image Downloaded
error!
error!
error!
error!
Success!
Script running at- 2019-02-27 12:00:05.831573
Hostel noticeboard urls
updating Hostel images
Downloading Hostel images
InstiApp urls
updating InstiApp images
Downloading InstiApp images
error!
error!
error!
error!
error!
Success!
Script running at- 2019-02-27 18:00:06.885373
Hostel noticeboard urls
updating Hostel images
Downloading Hostel images
InstiApp urls
updating InstiApp images
Downloading InstiApp images
error!
error!
error!
error!
error!
Success!
Script running at- 2019-02-28 00:00:11.498483
Hostel noticeboard urls
updating Hostel images
Downloading Hostel images
InstiApp urls
updating InstiApp images
Downloading InstiApp images
error!
error!
error!
error!
error!
Success!
Script running at- 2019-02-28 06:00:06.467104
Hostel noticeboard urls
updating Hostel images
Downloading Hostel images
InstiApp urls
updating InstiApp images
Downloading InstiApp images
error!
error!
error!
error!
error!
Success!
Script running at- 2019-02-28 12:00:23.904895
Hostel noticeboard urls
updating Hostel images
Downloading Hostel images
InstiApp urls
updating InstiApp images
Downloading InstiApp images
Image Downloaded
error!
error!
error!
error!
error!
Success!
Script running at- 2019-02-28 18:00:07.804792
Hostel noticeboard urls
updating Hostel images
Downloading Hostel images
InstiApp urls
updating InstiApp images
Downloading InstiApp images
error!
error!
error!
error!
error!
Success!
Script running at- 2019-03-01 00:00:08.396406
Hostel noticeboard urls
updating Hostel images
Downloading Hostel images
InstiApp urls
updating InstiApp images
Downloading InstiApp images
error!
error!
error!
error!
error!
Success!
Script running at- 2019-03-01 06:00:06.705645
Hostel noticeboard urls
updating Hostel images
Downloading Hostel images
InstiApp urls
updating InstiApp images
Downloading InstiApp images
error!
error!
error!
error!
error!
Success!
Script running at- 2019-03-01 12:00:07.697358
Hostel noticeboard urls
updating Hostel images
Downloading Hostel images
InstiApp urls
updating InstiApp images
Downloading InstiApp images
Image Downloaded
error!
error!
error!
error!
error!
Success!
Script running at- 2019-03-01 18:00:07.160695
Hostel noticeboard urls
updating Hostel images
Downloading Hostel images
InstiApp urls
updating InstiApp images
Downloading InstiApp images
error!
error!
error!
error!
Success!
Script running at- 2019-03-02 00:00:05.720825
Hostel noticeboard urls
updating Hostel images
Downloading Hostel images
InstiApp urls
updating InstiApp images
Downloading InstiApp images
error!
error!
error!
error!
Success!
Script running at- 2019-03-02 06:00:06.466903
Hostel noticeboard urls
updating Hostel images
Downloading Hostel images
InstiApp urls
updating InstiApp images
Downloading InstiApp images
error!
error!
error!
error!
error!
Success!
Script running at- 2019-03-02 12:00:06.436489
Hostel noticeboard urls
updating Hostel images
Downloading Hostel images
Image Downloaded
InstiApp urls
updating InstiApp images
Downloading InstiApp images
error!
error!
error!
error!
Success!
Script running at- 2019-03-02 18:00:05.645053
Hostel noticeboard urls
updating Hostel images
Downloading Hostel images
InstiApp urls
updating InstiApp images
Downloading InstiApp images
error!
error!
error!
error!
Success!
Script running at- 2019-03-03 00:00:04.970624
Hostel noticeboard urls
updating Hostel images
Downloading Hostel images
InstiApp urls
updating InstiApp images
Downloading InstiApp images
error!
error!
error!
error!
Success!
Script running at- 2019-03-03 06:00:05.146427
Hostel noticeboard urls
updating Hostel images
Downloading Hostel images
InstiApp urls
updating InstiApp images
Downloading InstiApp images
error!
error!
error!
error!
Success!
Script running at- 2019-03-03 12:00:05.480613
Hostel noticeboard urls
updating Hostel images
Downloading Hostel images
InstiApp urls
updating InstiApp images
Downloading InstiApp images
Image Downloaded
error!
Image Downloaded
Image Downloaded
Image Downloaded
error!
Image Downloaded
Image Downloaded
Image Downloaded
error!
Image Downloaded
Image Downloaded
Image Downloaded
Image Downloaded
Success!
Script running at- 2019-03-03 18:00:05.042489
Hostel noticeboard urls
updating Hostel images
Downloading Hostel images
InstiApp urls
updating InstiApp images
Downloading InstiApp images
error!
error!
error!
Success!
Script running at- 2019-03-04 00:00:04.246067
Hostel noticeboard urls
updating Hostel images
Downloading Hostel images
InstiApp urls
updating InstiApp images
Downloading InstiApp images
error!
error!
error!
Success!
Script running at- 2019-03-04 06:00:06.511616
Hostel noticeboard urls
updating Hostel images
Downloading Hostel images
InstiApp urls
updating InstiApp images
Downloading InstiApp images
Image Downloaded
error!
error!
error!
Success!
Script running at- 2019-03-04 12:00:04.614065
Hostel noticeboard urls
updating Hostel images
Downloading Hostel images
InstiApp urls
updating InstiApp images
Downloading InstiApp images
error!
Image Downloaded
error!
error!
error!
Success!
Script running at- 2019-03-04 18:00:06.183321
Hostel noticeboard urls
updating Hostel images
Downloading Hostel images
InstiApp urls
updating InstiApp images
Downloading InstiApp images
error!
Image Downloaded
error!
error!
error!
Success!
Script running at- 2019-03-05 00:00:05.965594
Hostel noticeboard urls
updating Hostel images
Downloading Hostel images
InstiApp urls
updating InstiApp images
Downloading InstiApp images
error!
error!
error!
error!
Success!
Traceback (most recent call last):
  File "/usr/lib/python3.5/urllib/request.py", line 1254, in do_open
    h.request(req.get_method(), req.selector, req.data, headers)
  File "/usr/lib/python3.5/http/client.py", line 1107, in request
    self._send_request(method, url, body, headers)
  File "/usr/lib/python3.5/http/client.py", line 1152, in _send_request
    self.endheaders(body)
  File "/usr/lib/python3.5/http/client.py", line 1103, in endheaders
    self._send_output(message_body)
  File "/usr/lib/python3.5/http/client.py", line 934, in _send_output
    self.send(msg)
  File "/usr/lib/python3.5/http/client.py", line 877, in send
    self.connect()
  File "/usr/lib/python3.5/http/client.py", line 849, in connect
    (self.host,self.port), self.timeout, self.source_address)
  File "/usr/lib/python3.5/socket.py", line 694, in create_connection
    for res in getaddrinfo(host, port, 0, SOCK_STREAM):
  File "/usr/lib/python3.5/socket.py", line 733, in getaddrinfo
    for res in _socket.getaddrinfo(host, port, family, type, proto, flags):
socket.gaierror: [Errno -3] Temporary failure in name resolution

During handling of the above exception, another exception occurred:

Traceback (most recent call last):
  File "fetch.py", line 179, in <module>
    data = fetch_data()
  File "fetch.py", line 36, in fetch_data
    response = urlopen(url, context=ctx)
  File "/usr/lib/python3.5/urllib/request.py", line 163, in urlopen
    return opener.open(url, data, timeout)
  File "/usr/lib/python3.5/urllib/request.py", line 466, in open
    response = self._open(req, data)
  File "/usr/lib/python3.5/urllib/request.py", line 484, in _open
    '_open', req)
  File "/usr/lib/python3.5/urllib/request.py", line 444, in _call_chain
    result = func(*args)
  File "/usr/lib/python3.5/urllib/request.py", line 1282, in http_open
    return self.do_open(http.client.HTTPConnection, req)
  File "/usr/lib/python3.5/urllib/request.py", line 1256, in do_open
    raise URLError(err)
urllib.error.URLError: <urlopen error [Errno -3] Temporary failure in name resolution>
Script running at- 2019-03-05 12:00:04.632565
Hostel noticeboard urls
updating Hostel images
Downloading Hostel images
InstiApp urls
updating InstiApp images
Downloading InstiApp images
error!
error!
error!
Image Downloaded
error!
error!
error!
error!
error!
error!
error!
Success!
Script running at- 2019-03-05 18:00:04.926928
Hostel noticeboard urls
updating Hostel images
Downloading Hostel images
InstiApp urls
updating InstiApp images
Downloading InstiApp images
error!
error!
error!
error!
error!
error!
error!
error!
error!
error!
Success!
Script running at- 2019-03-06 00:00:07.419880
Hostel noticeboard urls
updating Hostel images
Downloading Hostel images
InstiApp urls
updating InstiApp images
Downloading InstiApp images
error!
error!
error!
error!
error!
error!
error!
error!
error!
error!
Success!
Script running at- 2019-03-06 06:00:11.933761
Hostel noticeboard urls
updating Hostel images
Downloading Hostel images
InstiApp urls
updating InstiApp images
Downloading InstiApp images
error!
error!
error!
error!
error!
error!
error!
error!
error!
error!
Success!
Script running at- 2019-03-06 12:00:05.178464
Hostel noticeboard urls
updating Hostel images
Downloading Hostel images
InstiApp urls
updating InstiApp images
Downloading InstiApp images
error!
error!
error!
error!
error!
error!
error!
error!
error!
Success!
Script running at- 2019-03-06 18:00:06.139001
Hostel noticeboard urls
updating Hostel images
Downloading Hostel images
InstiApp urls
updating InstiApp images
Downloading InstiApp images
error!
error!
error!
error!
error!
error!
error!
error!
error!
error!
Success!
Script running at- 2019-03-07 00:00:15.022971
Hostel noticeboard urls
updating Hostel images
Downloading Hostel images
InstiApp urls
updating InstiApp images
Downloading InstiApp images
error!
error!
error!
error!
error!
error!
error!
Success!
Script running at- 2019-03-07 06:00:09.686993
Hostel noticeboard urls
updating Hostel images
Downloading Hostel images
InstiApp urls
updating InstiApp images
Downloading InstiApp images
error!
error!
error!
error!
error!
error!
error!
Success!
Script running at- 2019-03-07 12:00:05.768061
Hostel noticeboard urls
updating Hostel images
Downloading Hostel images
InstiApp urls
updating InstiApp images
Downloading InstiApp images
error!
error!
error!
error!
error!
error!
error!
Success!
Script running at- 2019-03-07 18:00:09.533489
Hostel noticeboard urls
updating Hostel images
Downloading Hostel images
InstiApp urls
updating InstiApp images
Downloading InstiApp images
error!
error!
error!
Success!
Script running at- 2019-03-08 00:00:09.413643
Hostel noticeboard urls
updating Hostel images
Downloading Hostel images
InstiApp urls
updating InstiApp images
Downloading InstiApp images
error!
error!
Success!
Script running at- 2019-03-08 06:00:04.542866
Hostel noticeboard urls
updating Hostel images
Downloading Hostel images
InstiApp urls
updating InstiApp images
Downloading InstiApp images
error!
error!
error!
error!
error!
Success!
Script running at- 2019-03-08 12:00:06.101576
Hostel noticeboard urls
updating Hostel images
Downloading Hostel images
InstiApp urls
updating InstiApp images
Downloading InstiApp images
error!
error!
error!
error!
error!
Success!
Script running at- 2019-03-08 18:00:23.538156
Hostel noticeboard urls
updating Hostel images
Downloading Hostel images
InstiApp urls
updating InstiApp images
Downloading InstiApp images
error!
error!
error!
error!
error!
Success!
Script running at- 2019-03-09 00:00:10.634809
Hostel noticeboard urls
updating Hostel images
Downloading Hostel images
InstiApp urls
updating InstiApp images
Downloading InstiApp images
error!
error!
error!
error!
error!
Success!
Script running at- 2019-03-09 06:00:05.585137
Hostel noticeboard urls
updating Hostel images
Downloading Hostel images
InstiApp urls
updating InstiApp images
Downloading InstiApp images
error!
error!
error!
error!
error!
Success!
Script running at- 2019-03-09 12:00:09.879898
Hostel noticeboard urls
updating Hostel images
Downloading Hostel images
InstiApp urls
updating InstiApp images
Downloading InstiApp images
error!
error!
error!
error!
error!
Success!
Script running at- 2019-03-09 18:00:07.763965
Hostel noticeboard urls
updating Hostel images
Downloading Hostel images
InstiApp urls
updating InstiApp images
Downloading InstiApp images
error!
error!
error!
error!
Success!
Script running at- 2019-03-10 00:00:04.960004
Hostel noticeboard urls
updating Hostel images
Downloading Hostel images
InstiApp urls
updating InstiApp images
Downloading InstiApp images
error!
error!
error!
error!
Success!
Script running at- 2019-03-10 06:00:04.785113
Hostel noticeboard urls
updating Hostel images
Downloading Hostel images
InstiApp urls
updating InstiApp images
Downloading InstiApp images
error!
error!
error!
error!
error!
Success!
